<?xml version="1.0" encoding="UTF-8"?>
<!-- Generated by org.testng.reporters.JUnitReportReporter -->
<testsuite hostname="siddus-MBP.lan" failures="0" tests="1" name="TestNG_vtigerApp.CreateProductandDelete" time="49.078" errors="0" timestamp="2025-02-25T11:40:28 IST" skipped="0">
  <testcase classname="TestNG_vtigerApp.CreateProductandDelete" name="Productcreatedelete" time="49.078"/>
  <system-out/>
</testsuite> <!-- TestNG_vtigerApp.CreateProductandDelete -->
