<?xml version="1.0" encoding="UTF-8"?>
<!-- Generated by org.testng.reporters.JUnitReportReporter -->
<testsuite hostname="siddus-MBP.bbrouter" failures="0" tests="1" name="TestNG_vtigerApp.CreateProduct" time="35.050" errors="0" timestamp="2025-03-05T19:09:15 IST" skipped="0">
  <testcase classname="TestNG_vtigerApp.CreateProduct" name="Createproductpage" time="35.050"/>
  <system-out/>
</testsuite> <!-- TestNG_vtigerApp.CreateProduct -->
