<?xml version="1.0" encoding="UTF-8"?>
<!-- Generated by org.testng.reporters.JUnitReportReporter -->
<testsuite hostname="siddus-MBP.bbrouter" failures="0" tests="1" name="TestNG_vtigerApp.CreateCampaignwithProduct" time="48.883" errors="0" timestamp="2025-02-23T17:21:51 IST" skipped="0">
  <testcase classname="TestNG_vtigerApp.CreateCampaignwithProduct" name="createCampaignsProduct" time="48.883"/>
  <system-out/>
</testsuite> <!-- TestNG_vtigerApp.CreateCampaignwithProduct -->
